This file contains any messages produced by compilers while
running configure, to aid debugging if configure makes a mistake.

It was created by pcsx configure 1.9, which was
generated by GNU Autoconf 2.63.  Invocation command line was

  $ ./configure 

## --------- ##
## Platform. ##
## --------- ##

hostname = firnis
uname -m = x86_64
uname -r = 2.6.31-18-generic
uname -s = Linux
uname -v = #55-Ubuntu SMP Fri Jan 8 14:54:52 UTC 2010

/usr/bin/uname -p = unknown
/bin/uname -X     = unknown

/bin/arch              = unknown
/usr/bin/arch -k       = unknown
/usr/convex/getsysinfo = unknown
/usr/bin/hostinfo      = unknown
/bin/machine           = unknown
/usr/bin/oslevel       = unknown
/bin/universe          = unknown

PATH: /usr/local/sbin
PATH: /usr/local/bin
PATH: /usr/sbin
PATH: /usr/bin
PATH: /sbin
PATH: /bin
PATH: /usr/games


## ----------- ##
## Core tests. ##
## ----------- ##

configure:2156: checking build system type
configure:2174: result: x86_64-unknown-linux-gnu
configure:2196: checking host system type
configure:2211: result: x86_64-unknown-linux-gnu
configure:2233: checking target system type
configure:2248: result: x86_64-unknown-linux-gnu
configure:2292: checking for a BSD-compatible install
configure:2360: result: /usr/bin/install -c
configure:2371: checking whether build environment is sane
configure:2414: result: yes
configure:2439: checking for a thread-safe mkdir -p
configure:2478: result: /bin/mkdir -p
configure:2491: checking for gawk
configure:2521: result: no
configure:2491: checking for mawk
configure:2507: found /usr/bin/mawk
configure:2518: result: mawk
configure:2529: checking whether make sets $(MAKE)
configure:2551: result: yes
configure:2735: checking whether to enable maintainer-specific portions of Makefiles
configure:2744: result: no
configure:2809: checking for gcc
configure:2825: found /usr/bin/gcc
configure:2836: result: gcc
configure:3068: checking for C compiler version
configure:3076: gcc --version >&5
gcc (Ubuntu 4.4.1-4ubuntu9) 4.4.1
Copyright (C) 2009 Free Software Foundation, Inc.
This is free software; see the source for copying conditions.  There is NO
warranty; not even for MERCHANTABILITY or FITNESS FOR A PARTICULAR PURPOSE.

configure:3080: $? = 0
configure:3087: gcc -v >&5
Using built-in specs.
Target: x86_64-linux-gnu
Configured with: ../src/configure -v --with-pkgversion='Ubuntu 4.4.1-4ubuntu9' --with-bugurl=file:///usr/share/doc/gcc-4.4/README.Bugs --enable-languages=c,c++,fortran,objc,obj-c++ --prefix=/usr --enable-shared --enable-multiarch --enable-linker-build-id --with-system-zlib --libexecdir=/usr/lib --without-included-gettext --enable-threads=posix --with-gxx-include-dir=/usr/include/c++/4.4 --program-suffix=-4.4 --enable-nls --enable-clocale=gnu --enable-libstdcxx-debug --enable-objc-gc --disable-werror --with-arch-32=i486 --with-tune=generic --enable-checking=release --build=x86_64-linux-gnu --host=x86_64-linux-gnu --target=x86_64-linux-gnu
Thread model: posix
gcc version 4.4.1 (Ubuntu 4.4.1-4ubuntu9) 
configure:3091: $? = 0
configure:3098: gcc -V >&5
gcc: '-V' option must have argument
configure:3102: $? = 1
configure:3125: checking for C compiler default output file name
configure:3147: gcc    conftest.c  >&5
configure:3151: $? = 0
configure:3189: result: a.out
configure:3208: checking whether the C compiler works
configure:3218: ./a.out
configure:3222: $? = 0
configure:3241: result: yes
configure:3248: checking whether we are cross compiling
configure:3250: result: no
configure:3253: checking for suffix of executables
configure:3260: gcc -o conftest    conftest.c  >&5
configure:3264: $? = 0
configure:3290: result: 
configure:3296: checking for suffix of object files
configure:3322: gcc -c   conftest.c >&5
configure:3326: $? = 0
configure:3351: result: o
configure:3355: checking whether we are using the GNU C compiler
configure:3384: gcc -c   conftest.c >&5
configure:3391: $? = 0
configure:3408: result: yes
configure:3417: checking whether gcc accepts -g
configure:3447: gcc -c -g  conftest.c >&5
configure:3454: $? = 0
configure:3555: result: yes
configure:3572: checking for gcc option to accept ISO C89
configure:3646: gcc  -c -g -O2  conftest.c >&5
configure:3653: $? = 0
configure:3676: result: none needed
configure:3705: checking for style of include used by make
configure:3733: result: GNU
configure:3758: checking dependency style of gcc
configure:3849: result: gcc3
configure:3907: checking for ranlib
configure:3923: found /usr/bin/ranlib
configure:3934: result: ranlib
configure:4012: checking for a sed that does not truncate output
configure:4078: result: /bin/sed
configure:4096: checking for grep that handles long lines and -e
configure:4156: result: /bin/grep
configure:4161: checking for egrep
configure:4225: result: /bin/grep -E
configure:4230: checking for fgrep
configure:4294: result: /bin/grep -F
configure:4329: checking for ld used by gcc
configure:4396: result: /usr/bin/ld
configure:4405: checking if the linker (/usr/bin/ld) is GNU ld
configure:4420: result: yes
configure:4432: checking for BSD- or MS-compatible name lister (nm)
configure:4481: result: /usr/bin/nm -B
configure:4599: checking the name lister (/usr/bin/nm -B) interface
configure:4606: gcc -c -g -O2  conftest.c >&5
configure:4609: /usr/bin/nm -B "conftest.o"
configure:4612: output
0000000000000000 B some_variable
configure:4619: result: BSD nm
configure:4622: checking whether ln -s works
configure:4626: result: yes
configure:4634: checking the maximum length of command line arguments
configure:4754: result: 1572864
configure:4771: checking whether the shell understands some XSI constructs
configure:4781: result: yes
configure:4785: checking whether the shell understands "+="
configure:4791: result: yes
configure:4826: checking for /usr/bin/ld option to reload object files
configure:4833: result: -r
configure:4902: checking for objdump
configure:4918: found /usr/bin/objdump
configure:4929: result: objdump
configure:4961: checking how to recognize dependent libraries
configure:5157: result: pass_all
configure:5217: checking for ar
configure:5233: found /usr/bin/ar
configure:5244: result: ar
configure:5322: checking for strip
configure:5338: found /usr/bin/strip
configure:5349: result: strip
configure:5421: checking for ranlib
configure:5448: result: ranlib
configure:5538: checking command to parse /usr/bin/nm -B output from gcc object
configure:5656: gcc -c -g -O2  conftest.c >&5
configure:5659: $? = 0
configure:5663: /usr/bin/nm -B conftest.o \| sed -n -e 's/^.*[	 ]\([ABCDGIRSTW][ABCDGIRSTW]*\)[	 ][	 ]*\([_A-Za-z][_A-Za-z0-9]*\)$/\1 \2 \2/p' \> conftest.nm
configure:5666: $? = 0
configure:5720: gcc -o conftest -g -O2   conftest.c conftstm.o >&5
configure:5723: $? = 0
configure:5761: result: ok
configure:5857: gcc -c -g -O2  conftest.c >&5
configure:5860: $? = 0
configure:6628: checking how to run the C preprocessor
configure:6668: gcc -E  conftest.c
configure:6675: $? = 0
configure:6706: gcc -E  conftest.c
conftest.c:10:28: error: ac_nonexistent.h: No such file or directory
configure:6713: $? = 1
configure: failed program was:
| /* confdefs.h.  */
| #define PACKAGE_NAME "pcsx"
| #define PACKAGE_TARNAME "pcsx"
| #define PACKAGE_VERSION "1.9"
| #define PACKAGE_STRING "pcsx 1.9"
| #define PACKAGE_BUGREPORT ""
| #define PACKAGE "pcsx"
| #define VERSION "1.9"
| /* end confdefs.h.  */
| #include <ac_nonexistent.h>
configure:6746: result: gcc -E
configure:6775: gcc -E  conftest.c
configure:6782: $? = 0
configure:6813: gcc -E  conftest.c
conftest.c:10:28: error: ac_nonexistent.h: No such file or directory
configure:6820: $? = 1
configure: failed program was:
| /* confdefs.h.  */
| #define PACKAGE_NAME "pcsx"
| #define PACKAGE_TARNAME "pcsx"
| #define PACKAGE_VERSION "1.9"
| #define PACKAGE_STRING "pcsx 1.9"
| #define PACKAGE_BUGREPORT ""
| #define PACKAGE "pcsx"
| #define VERSION "1.9"
| /* end confdefs.h.  */
| #include <ac_nonexistent.h>
configure:6860: checking for ANSI C header files
configure:6890: gcc -c -g -O2  conftest.c >&5
configure:6897: $? = 0
configure:6996: gcc -o conftest -g -O2   conftest.c  >&5
configure:7000: $? = 0
configure:7006: ./conftest
configure:7010: $? = 0
configure:7028: result: yes
configure:7052: checking for sys/types.h
configure:7073: gcc -c -g -O2  conftest.c >&5
configure:7080: $? = 0
configure:7097: result: yes
configure:7052: checking for sys/stat.h
configure:7073: gcc -c -g -O2  conftest.c >&5
configure:7080: $? = 0
configure:7097: result: yes
configure:7052: checking for stdlib.h
configure:7073: gcc -c -g -O2  conftest.c >&5
configure:7080: $? = 0
configure:7097: result: yes
configure:7052: checking for string.h
configure:7073: gcc -c -g -O2  conftest.c >&5
configure:7080: $? = 0
configure:7097: result: yes
configure:7052: checking for memory.h
configure:7073: gcc -c -g -O2  conftest.c >&5
configure:7080: $? = 0
configure:7097: result: yes
configure:7052: checking for strings.h
configure:7073: gcc -c -g -O2  conftest.c >&5
configure:7080: $? = 0
configure:7097: result: yes
configure:7052: checking for inttypes.h
configure:7073: gcc -c -g -O2  conftest.c >&5
configure:7080: $? = 0
configure:7097: result: yes
configure:7052: checking for stdint.h
configure:7073: gcc -c -g -O2  conftest.c >&5
configure:7080: $? = 0
configure:7097: result: yes
configure:7052: checking for unistd.h
configure:7073: gcc -c -g -O2  conftest.c >&5
configure:7080: $? = 0
configure:7097: result: yes
configure:7115: checking for dlfcn.h
configure:7136: gcc -c -g -O2  conftest.c >&5
configure:7143: $? = 0
configure:7160: result: yes
configure:7316: checking for objdir
configure:7331: result: .libs
configure:7623: checking if gcc supports -fno-rtti -fno-exceptions
configure:7641: gcc -c -g -O2  -fno-rtti -fno-exceptions conftest.c >&5
cc1: warning: command line option "-fno-rtti" is valid for C++/ObjC++ but not for C
configure:7645: $? = 0
configure:7658: result: no
configure:7678: checking for gcc option to produce PIC
configure:7950: result: -fPIC -DPIC
configure:7962: checking if gcc PIC flag -fPIC -DPIC works
configure:7980: gcc -c -g -O2  -fPIC -DPIC -DPIC conftest.c >&5
configure:7984: $? = 0
configure:7997: result: yes
configure:8021: checking if gcc static flag -static works
configure:8049: result: yes
configure:8064: checking if gcc supports -c -o file.o
configure:8085: gcc -c -g -O2  -o out/conftest2.o conftest.c >&5
configure:8089: $? = 0
configure:8111: result: yes
configure:8119: checking if gcc supports -c -o file.o
configure:8166: result: yes
configure:8199: checking whether the gcc linker (/usr/bin/ld -m elf_x86_64) supports shared libraries
configure:9274: result: yes
configure:9311: checking whether -lc should be explicitly linked in
configure:9316: gcc -c -g -O2  conftest.c >&5
configure:9319: $? = 0
configure:9334: gcc -shared conftest.o  -v -Wl,-soname -Wl,conftest -o conftest 2\>\&1 \| /bin/grep  -lc  \>/dev/null 2\>\&1
configure:9337: $? = 0
configure:9349: result: no
configure:9513: checking dynamic linker characteristics
configure:9956: gcc -o conftest -g -O2   -Wl,-rpath -Wl,/foo conftest.c  >&5
configure:9963: $? = 0
configure:10208: result: GNU/Linux ld.so
configure:10310: checking how to hardcode library paths into programs
configure:10335: result: immediate
configure:11168: checking whether stripping libraries is possible
configure:11173: result: yes
configure:11208: checking if libtool supports shared libraries
configure:11210: result: yes
configure:11213: checking whether to build shared libraries
configure:11234: result: yes
configure:11237: checking whether to build static libraries
configure:11241: result: no
configure:11290: checking for a BSD-compatible install
configure:11358: result: /usr/bin/install -c
configure:11369: checking for ANSI C header files
configure:11537: result: yes
configure:11556: checking dependency style of gcc
configure:11647: result: gcc3
configure:11664: checking whether NLS is requested
configure:11673: result: yes
configure:11714: checking for msgfmt
configure: trying /usr/bin/msgfmt...
0 translated messages.
configure:11746: result: /usr/bin/msgfmt
configure:11755: checking for gmsgfmt
configure:11786: result: /usr/bin/msgfmt
configure:11837: checking for xgettext
configure: trying /usr/bin/xgettext...
/usr/bin/xgettext: warning: file `/dev/null' extension `' is unknown; will try C
configure:11869: result: /usr/bin/xgettext
configure:11915: checking for msgmerge
configure: trying /usr/bin/msgmerge...
configure:11946: result: /usr/bin/msgmerge
configure:12003: checking for ld used by GCC
configure:12067: result: /usr/bin/ld -m elf_x86_64
configure:12076: checking if the linker (/usr/bin/ld -m elf_x86_64) is GNU ld
configure:12089: result: yes
configure:12096: checking for shared library run path origin
configure:12109: result: done
configure:12610: checking for CFPreferencesCopyAppValue
configure:12638: gcc -o conftest -g -O2   conftest.c  -Wl,-framework -Wl,CoreFoundation >&5
conftest.c:23:42: error: CoreFoundation/CFPreferences.h: No such file or directory
conftest.c: In function 'main':
conftest.c:27: error: 'NULL' undeclared (first use in this function)
conftest.c:27: error: (Each undeclared identifier is reported only once
conftest.c:27: error: for each function it appears in.)
configure:12645: $? = 1
configure: failed program was:
| /* confdefs.h.  */
| #define PACKAGE_NAME "pcsx"
| #define PACKAGE_TARNAME "pcsx"
| #define PACKAGE_VERSION "1.9"
| #define PACKAGE_STRING "pcsx 1.9"
| #define PACKAGE_BUGREPORT ""
| #define PACKAGE "pcsx"
| #define VERSION "1.9"
| #define STDC_HEADERS 1
| #define HAVE_SYS_TYPES_H 1
| #define HAVE_SYS_STAT_H 1
| #define HAVE_STDLIB_H 1
| #define HAVE_STRING_H 1
| #define HAVE_MEMORY_H 1
| #define HAVE_STRINGS_H 1
| #define HAVE_INTTYPES_H 1
| #define HAVE_STDINT_H 1
| #define HAVE_UNISTD_H 1
| #define HAVE_DLFCN_H 1
| #define LT_OBJDIR ".libs/"
| #define STDC_HEADERS 1
| /* end confdefs.h.  */
| #include <CoreFoundation/CFPreferences.h>
| int
| main ()
| {
| CFPreferencesCopyAppValue(NULL, NULL)
|   ;
|   return 0;
| }
configure:12666: result: no
configure:12675: checking for CFLocaleCopyCurrent
configure:12703: gcc -o conftest -g -O2   conftest.c  -Wl,-framework -Wl,CoreFoundation >&5
conftest.c:23:37: error: CoreFoundation/CFLocale.h: No such file or directory
configure:12710: $? = 1
configure: failed program was:
| /* confdefs.h.  */
| #define PACKAGE_NAME "pcsx"
| #define PACKAGE_TARNAME "pcsx"
| #define PACKAGE_VERSION "1.9"
| #define PACKAGE_STRING "pcsx 1.9"
| #define PACKAGE_BUGREPORT ""
| #define PACKAGE "pcsx"
| #define VERSION "1.9"
| #define STDC_HEADERS 1
| #define HAVE_SYS_TYPES_H 1
| #define HAVE_SYS_STAT_H 1
| #define HAVE_STDLIB_H 1
| #define HAVE_STRING_H 1
| #define HAVE_MEMORY_H 1
| #define HAVE_STRINGS_H 1
| #define HAVE_INTTYPES_H 1
| #define HAVE_STDINT_H 1
| #define HAVE_UNISTD_H 1
| #define HAVE_DLFCN_H 1
| #define LT_OBJDIR ".libs/"
| #define STDC_HEADERS 1
| /* end confdefs.h.  */
| #include <CoreFoundation/CFLocale.h>
| int
| main ()
| {
| CFLocaleCopyCurrent();
|   ;
|   return 0;
| }
configure:12731: result: no
configure:12782: checking for GNU gettext in libc
configure:12812: gcc -o conftest -g -O2   conftest.c  >&5
configure:12819: $? = 0
configure:12841: result: yes
configure:13745: checking whether to use NLS
configure:13747: result: yes
configure:13750: checking where the gettext function comes from
configure:13761: result: libc
configure:13880: checking for pkg-config
configure:13898: found /usr/bin/pkg-config
configure:13910: result: /usr/bin/pkg-config
configure:13935: checking pkg-config is at least version 0.9.0
configure:13938: result: yes
configure:13949: checking for GLIB2
configure:13957: $PKG_CONFIG --exists --print-errors "glib-2.0"
configure:13960: $? = 0
configure:13975: $PKG_CONFIG --exists --print-errors "glib-2.0"
configure:13978: $? = 0
configure:14018: result: yes
configure:14024: checking for GTK2
configure:14032: $PKG_CONFIG --exists --print-errors "gtk+-2.0"
configure:14035: $? = 0
configure:14050: $PKG_CONFIG --exists --print-errors "gtk+-2.0"
configure:14053: $? = 0
configure:14093: result: yes
configure:14099: checking for GLADE2
configure:14107: $PKG_CONFIG --exists --print-errors "libglade-2.0"
configure:14110: $? = 0
configure:14125: $PKG_CONFIG --exists --print-errors "libglade-2.0"
configure:14128: $? = 0
configure:14168: result: yes
configure:14215: checking for sdl-config
configure:14233: found /usr/bin/sdl-config
configure:14246: result: /usr/bin/sdl-config
configure:14255: checking for SDL - version >= 1.2.0
configure:14352: gcc -o conftest -g -O2 -I/usr/include/SDL -D_GNU_SOURCE=1 -D_REENTRANT   conftest.c  -L/usr/lib -lSDL >&5
configure:14356: $? = 0
configure:14362: ./conftest
configure:14366: $? = 0
configure:14388: result: yes
configure:14501: checking for -fno-dse option support
configure:14527: gcc -c -g -O2 -fno-dse  conftest.c >&5
configure:14534: $? = 0
configure:14549: result: yes
configure:14792: checking sys/soundcard.h usability
configure:14809: gcc -c -g -O2 -fno-dse  conftest.c >&5
configure:14816: $? = 0
configure:14830: result: yes
configure:14834: checking sys/soundcard.h presence
configure:14849: gcc -E  conftest.c
configure:14856: $? = 0
configure:14870: result: yes
configure:14898: checking for sys/soundcard.h
configure:14905: result: yes
configure:14957: checking zlib.h usability
configure:14974: gcc -c -g -O2 -fno-dse  conftest.c >&5
configure:14981: $? = 0
configure:14995: result: yes
configure:14999: checking zlib.h presence
configure:15014: gcc -E  conftest.c
configure:15021: $? = 0
configure:15035: result: yes
configure:15063: checking for zlib.h
configure:15070: result: yes
configure:15096: checking bzlib.h usability
configure:15113: gcc -c -g -O2 -fno-dse  conftest.c >&5
configure:15120: $? = 0
configure:15134: result: yes
configure:15138: checking bzlib.h presence
configure:15153: gcc -E  conftest.c
configure:15160: $? = 0
configure:15174: result: yes
configure:15202: checking for bzlib.h
configure:15209: result: yes
configure:15235: checking X11/extensions/Xv.h usability
configure:15252: gcc -c -g -O2 -fno-dse  conftest.c >&5
configure:15259: $? = 0
configure:15273: result: yes
configure:15277: checking X11/extensions/Xv.h presence
configure:15292: gcc -E  conftest.c
configure:15299: $? = 0
configure:15313: result: yes
configure:15341: checking for X11/extensions/Xv.h
configure:15348: result: yes
configure:15374: checking X11/extensions/XTest.h usability
configure:15391: gcc -c -g -O2 -fno-dse  conftest.c >&5
configure:15398: $? = 0
configure:15412: result: yes
configure:15416: checking X11/extensions/XTest.h presence
configure:15431: gcc -E  conftest.c
configure:15438: $? = 0
configure:15452: result: yes
configure:15480: checking for X11/extensions/XTest.h
configure:15487: result: yes
configure:16042: result: Dynamic Recompiler selected: x86_64
configure:16065: checking whether byte ordering is bigendian
configure:16090: gcc -c -g -O2 -fno-dse  conftest.c >&5
conftest.c:29: error: expected '=', ',', ';', 'asm' or '__attribute__' before 'a'
configure:16097: $? = 1
configure: failed program was:
| /* confdefs.h.  */
| #define PACKAGE_NAME "pcsx"
| #define PACKAGE_TARNAME "pcsx"
| #define PACKAGE_VERSION "1.9"
| #define PACKAGE_STRING "pcsx 1.9"
| #define PACKAGE_BUGREPORT ""
| #define PACKAGE "pcsx"
| #define VERSION "1.9"
| #define STDC_HEADERS 1
| #define HAVE_SYS_TYPES_H 1
| #define HAVE_SYS_STAT_H 1
| #define HAVE_STDLIB_H 1
| #define HAVE_STRING_H 1
| #define HAVE_MEMORY_H 1
| #define HAVE_STRINGS_H 1
| #define HAVE_INTTYPES_H 1
| #define HAVE_STDINT_H 1
| #define HAVE_UNISTD_H 1
| #define HAVE_DLFCN_H 1
| #define LT_OBJDIR ".libs/"
| #define STDC_HEADERS 1
| #define ENABLE_NLS 1
| #define HAVE_GETTEXT 1
| #define HAVE_DCGETTEXT 1
| #define GETTEXT_PACKAGE "pcsx"
| #define __x86_64__ 1
| /* end confdefs.h.  */
| #ifndef __APPLE_CC__
| 	       not a universal capable compiler
| 	     #endif
| 	     typedef int dummy;
| 
configure:16147: gcc -c -g -O2 -fno-dse  conftest.c >&5
configure:16154: $? = 0
configure:16186: gcc -c -g -O2 -fno-dse  conftest.c >&5
conftest.c: In function 'main':
conftest.c:35: error: 'not' undeclared (first use in this function)
conftest.c:35: error: (Each undeclared identifier is reported only once
conftest.c:35: error: for each function it appears in.)
conftest.c:35: error: expected ';' before 'big'
configure:16193: $? = 1
configure: failed program was:
| /* confdefs.h.  */
| #define PACKAGE_NAME "pcsx"
| #define PACKAGE_TARNAME "pcsx"
| #define PACKAGE_VERSION "1.9"
| #define PACKAGE_STRING "pcsx 1.9"
| #define PACKAGE_BUGREPORT ""
| #define PACKAGE "pcsx"
| #define VERSION "1.9"
| #define STDC_HEADERS 1
| #define HAVE_SYS_TYPES_H 1
| #define HAVE_SYS_STAT_H 1
| #define HAVE_STDLIB_H 1
| #define HAVE_STRING_H 1
| #define HAVE_MEMORY_H 1
| #define HAVE_STRINGS_H 1
| #define HAVE_INTTYPES_H 1
| #define HAVE_STDINT_H 1
| #define HAVE_UNISTD_H 1
| #define HAVE_DLFCN_H 1
| #define LT_OBJDIR ".libs/"
| #define STDC_HEADERS 1
| #define ENABLE_NLS 1
| #define HAVE_GETTEXT 1
| #define HAVE_DCGETTEXT 1
| #define GETTEXT_PACKAGE "pcsx"
| #define __x86_64__ 1
| /* end confdefs.h.  */
| #include <sys/types.h>
| 		#include <sys/param.h>
| 
| int
| main ()
| {
| #if BYTE_ORDER != BIG_ENDIAN
| 		 not big endian
| 		#endif
| 
|   ;
|   return 0;
| }
configure:16445: result: no
configure:16698: creating ./config.status

## ---------------------- ##
## Running config.status. ##
## ---------------------- ##

This file was extended by pcsx config.status 1.9, which was
generated by GNU Autoconf 2.63.  Invocation command line was

  CONFIG_FILES    = 
  CONFIG_HEADERS  = 
  CONFIG_LINKS    = 
  CONFIG_COMMANDS = 
  $ ./config.status 

on firnis

config.status:1068: creating Makefile
config.status:1068: creating data/Makefile
config.status:1068: creating doc/Makefile
config.status:1068: creating libpcsxcore/Makefile
config.status:1068: creating gui/Makefile
config.status:1068: creating plugins/dfinput/Makefile
config.status:1068: creating plugins/dfsound/Makefile
config.status:1068: creating plugins/dfxvideo/Makefile
config.status:1068: creating plugins/dfcdrom/Makefile
config.status:1068: creating pixmaps/Makefile
config.status:1068: creating po/Makefile.in
config.status:1220: WARNING:  'po/Makefile.in.in' seems to ignore the --datarootdir setting
config.status:1068: creating include/config.h
config.status:1290: include/config.h is unchanged
config.status:1342: executing depfiles commands
config.status:1342: executing libtool commands
config.status:1342: executing po-directories commands

## ---------------- ##
## Cache variables. ##
## ---------------- ##

ac_cv_build=x86_64-unknown-linux-gnu
ac_cv_c_bigendian=no
ac_cv_c_compiler_gnu=yes
ac_cv_c_no_dse_support=yes
ac_cv_env_CCASFLAGS_set=
ac_cv_env_CCASFLAGS_value=
ac_cv_env_CCAS_set=
ac_cv_env_CCAS_value=
ac_cv_env_CC_set=
ac_cv_env_CC_value=
ac_cv_env_CFLAGS_set=
ac_cv_env_CFLAGS_value=
ac_cv_env_CPPFLAGS_set=
ac_cv_env_CPPFLAGS_value=
ac_cv_env_CPP_set=
ac_cv_env_CPP_value=
ac_cv_env_GLADE2_CFLAGS_set=
ac_cv_env_GLADE2_CFLAGS_value=
ac_cv_env_GLADE2_LIBS_set=
ac_cv_env_GLADE2_LIBS_value=
ac_cv_env_GLIB2_CFLAGS_set=
ac_cv_env_GLIB2_CFLAGS_value=
ac_cv_env_GLIB2_LIBS_set=
ac_cv_env_GLIB2_LIBS_value=
ac_cv_env_GTK2_CFLAGS_set=
ac_cv_env_GTK2_CFLAGS_value=
ac_cv_env_GTK2_LIBS_set=
ac_cv_env_GTK2_LIBS_value=
ac_cv_env_LDFLAGS_set=
ac_cv_env_LDFLAGS_value=
ac_cv_env_LIBS_set=
ac_cv_env_LIBS_value=
ac_cv_env_PKG_CONFIG_set=
ac_cv_env_PKG_CONFIG_value=
ac_cv_env_build_alias_set=
ac_cv_env_build_alias_value=
ac_cv_env_host_alias_set=
ac_cv_env_host_alias_value=
ac_cv_env_target_alias_set=
ac_cv_env_target_alias_value=
ac_cv_header_X11_extensions_XTest_h=yes
ac_cv_header_X11_extensions_Xv_h=yes
ac_cv_header_bzlib_h=yes
ac_cv_header_dlfcn_h=yes
ac_cv_header_inttypes_h=yes
ac_cv_header_memory_h=yes
ac_cv_header_stdc=yes
ac_cv_header_stdint_h=yes
ac_cv_header_stdlib_h=yes
ac_cv_header_string_h=yes
ac_cv_header_strings_h=yes
ac_cv_header_sys_soundcard_h=yes
ac_cv_header_sys_stat_h=yes
ac_cv_header_sys_types_h=yes
ac_cv_header_unistd_h=yes
ac_cv_header_zlib_h=yes
ac_cv_host=x86_64-unknown-linux-gnu
ac_cv_objext=o
ac_cv_path_EGREP='/bin/grep -E'
ac_cv_path_FGREP='/bin/grep -F'
ac_cv_path_GMSGFMT=/usr/bin/msgfmt
ac_cv_path_GREP=/bin/grep
ac_cv_path_MSGFMT=/usr/bin/msgfmt
ac_cv_path_MSGMERGE=/usr/bin/msgmerge
ac_cv_path_SDL_CONFIG=/usr/bin/sdl-config
ac_cv_path_SED=/bin/sed
ac_cv_path_XGETTEXT=/usr/bin/xgettext
ac_cv_path_ac_pt_PKG_CONFIG=/usr/bin/pkg-config
ac_cv_path_install='/usr/bin/install -c'
ac_cv_path_mkdir=/bin/mkdir
ac_cv_prog_AWK=mawk
ac_cv_prog_CPP='gcc -E'
ac_cv_prog_ac_ct_AR=ar
ac_cv_prog_ac_ct_CC=gcc
ac_cv_prog_ac_ct_OBJDUMP=objdump
ac_cv_prog_ac_ct_RANLIB=ranlib
ac_cv_prog_ac_ct_STRIP=strip
ac_cv_prog_cc_c89=
ac_cv_prog_cc_g=yes
ac_cv_prog_make_make_set=yes
ac_cv_target=x86_64-unknown-linux-gnu
acl_cv_hardcode_direct=no
acl_cv_hardcode_libdir_flag_spec='${wl}-rpath ${wl}$libdir'
acl_cv_hardcode_libdir_separator=
acl_cv_hardcode_minus_L=no
acl_cv_libext=a
acl_cv_libname_spec='lib$name'
acl_cv_library_names_spec='$libname$shrext'
acl_cv_path_LD='/usr/bin/ld -m elf_x86_64'
acl_cv_prog_gnu_ld=yes
acl_cv_rpath=done
acl_cv_shlibext=so
acl_cv_wl=-Wl,
am_cv_CCAS_dependencies_compiler_type=gcc3
am_cv_CC_dependencies_compiler_type=gcc3
gt_cv_func_CFLocaleCopyCurrent=no
gt_cv_func_CFPreferencesCopyAppValue=no
gt_cv_func_gnugettext1_libc=yes
lt_cv_deplibs_check_method=pass_all
lt_cv_file_magic_cmd='$MAGIC_CMD'
lt_cv_file_magic_test_file=
lt_cv_ld_reload_flag=-r
lt_cv_nm_interface='BSD nm'
lt_cv_objdir=.libs
lt_cv_path_LD=/usr/bin/ld
lt_cv_path_NM='/usr/bin/nm -B'
lt_cv_prog_compiler_c_o=yes
lt_cv_prog_compiler_pic_works=yes
lt_cv_prog_compiler_rtti_exceptions=no
lt_cv_prog_compiler_static_works=yes
lt_cv_prog_gnu_ld=yes
lt_cv_sys_global_symbol_pipe='sed -n -e '\''s/^.*[	 ]\([ABCDGIRSTW][ABCDGIRSTW]*\)[	 ][	 ]*\([_A-Za-z][_A-Za-z0-9]*\)$/\1 \2 \2/p'\'''
lt_cv_sys_global_symbol_to_c_name_address='sed -n -e '\''s/^: \([^ ]*\) $/  {\"\1\", (void *) 0},/p'\'' -e '\''s/^[ABCDGIRSTW]* \([^ ]*\) \([^ ]*\)$/  {"\2", (void *) \&\2},/p'\'''
lt_cv_sys_global_symbol_to_c_name_address_lib_prefix='sed -n -e '\''s/^: \([^ ]*\) $/  {\"\1\", (void *) 0},/p'\'' -e '\''s/^[ABCDGIRSTW]* \([^ ]*\) \(lib[^ ]*\)$/  {"\2", (void *) \&\2},/p'\'' -e '\''s/^[ABCDGIRSTW]* \([^ ]*\) \([^ ]*\)$/  {"lib\2", (void *) \&\2},/p'\'''
lt_cv_sys_global_symbol_to_cdecl='sed -n -e '\''s/^T .* \(.*\)$/extern int \1();/p'\'' -e '\''s/^[ABCDGIRSTW]* .* \(.*\)$/extern char \1;/p'\'''
lt_cv_sys_max_cmd_len=1572864
pkg_cv_GLADE2_CFLAGS='-D_REENTRANT -I/usr/include/libglade-2.0 -I/usr/include/gtk-2.0 -I/usr/include/libxml2 -I/usr/lib/gtk-2.0/include -I/usr/include/atk-1.0 -I/usr/include/cairo -I/usr/include/pango-1.0 -I/usr/include/pixman-1 -I/usr/include/freetype2 -I/usr/include/directfb -I/usr/include/libpng12 -I/usr/include/glib-2.0 -I/usr/lib/glib-2.0/include  '
pkg_cv_GLADE2_LIBS='-lglade-2.0 -lgtk-x11-2.0 -lxml2 -lgdk-x11-2.0 -latk-1.0 -lpangoft2-1.0 -lgdk_pixbuf-2.0 -lm -lpangocairo-1.0 -lgio-2.0 -lcairo -lpango-1.0 -lfreetype -lfontconfig -lgobject-2.0 -lgmodule-2.0 -lglib-2.0  '
pkg_cv_GLIB2_CFLAGS='-I/usr/include/glib-2.0 -I/usr/lib/glib-2.0/include  '
pkg_cv_GLIB2_LIBS='-lglib-2.0  '
pkg_cv_GTK2_CFLAGS='-D_REENTRANT -I/usr/include/gtk-2.0 -I/usr/lib/gtk-2.0/include -I/usr/include/atk-1.0 -I/usr/include/cairo -I/usr/include/pango-1.0 -I/usr/include/pixman-1 -I/usr/include/freetype2 -I/usr/include/directfb -I/usr/include/libpng12 -I/usr/include/glib-2.0 -I/usr/lib/glib-2.0/include  '
pkg_cv_GTK2_LIBS='-lgtk-x11-2.0 -lgdk-x11-2.0 -latk-1.0 -lpangoft2-1.0 -lgdk_pixbuf-2.0 -lm -lpangocairo-1.0 -lgio-2.0 -lcairo -lpango-1.0 -lfreetype -lfontconfig -lgobject-2.0 -lgmodule-2.0 -lglib-2.0  '

## ----------------- ##
## Output variables. ##
## ----------------- ##

ACLOCAL='${SHELL} /home/firnis/Desktop/pcsxr/missing --run aclocal-1.10'
ALSA_LIBS=''
AMDEPBACKSLASH='\'
AMDEP_FALSE='#'
AMDEP_TRUE=''
AMTAR='${SHELL} /home/firnis/Desktop/pcsxr/missing --run tar'
AR='ar'
ARCH_PPC_FALSE=''
ARCH_PPC_TRUE='#'
ARCH_X86_64_FALSE='#'
ARCH_X86_64_TRUE=''
ARCH_X86_FALSE=''
ARCH_X86_TRUE='#'
AUTOCONF='${SHELL} /home/firnis/Desktop/pcsxr/missing --run autoconf'
AUTOHEADER='${SHELL} /home/firnis/Desktop/pcsxr/missing --run autoheader'
AUTOMAKE='${SHELL} /home/firnis/Desktop/pcsxr/missing --run automake-1.10'
AWK='mawk'
CC='gcc'
CCAS='gcc'
CCASDEPMODE='depmode=gcc3'
CCASFLAGS='-g -O2'
CCDEPMODE='depmode=gcc3'
CFLAGS='-g -O2 -fno-dse'
CPP='gcc -E'
CPPFLAGS=''
CYGPATH_W='echo'
DEFS='-DHAVE_CONFIG_H'
DEPDIR='.deps'
DSYMUTIL=''
DUMPBIN=''
ECHO_C=''
ECHO_N='-n'
ECHO_T=''
EGREP='/bin/grep -E'
EXEEXT=''
FGREP='/bin/grep -F'
GETTEXT_MACRO_VERSION='0.17'
GETTEXT_PACKAGE='pcsx'
GLADE2_CFLAGS='-D_REENTRANT -I/usr/include/libglade-2.0 -I/usr/include/gtk-2.0 -I/usr/include/libxml2 -I/usr/lib/gtk-2.0/include -I/usr/include/atk-1.0 -I/usr/include/cairo -I/usr/include/pango-1.0 -I/usr/include/pixman-1 -I/usr/include/freetype2 -I/usr/include/directfb -I/usr/include/libpng12 -I/usr/include/glib-2.0 -I/usr/lib/glib-2.0/include  '
GLADE2_LIBS='-lglade-2.0 -lgtk-x11-2.0 -lxml2 -lgdk-x11-2.0 -latk-1.0 -lpangoft2-1.0 -lgdk_pixbuf-2.0 -lm -lpangocairo-1.0 -lgio-2.0 -lcairo -lpango-1.0 -lfreetype -lfontconfig -lgobject-2.0 -lgmodule-2.0 -lglib-2.0  '
GLIB2_CFLAGS='-I/usr/include/glib-2.0 -I/usr/lib/glib-2.0/include  '
GLIB2_LIBS='-lglib-2.0  '
GMSGFMT='/usr/bin/msgfmt'
GMSGFMT_015='/usr/bin/msgfmt'
GREP='/bin/grep'
GTK2_CFLAGS='-D_REENTRANT -I/usr/include/gtk-2.0 -I/usr/lib/gtk-2.0/include -I/usr/include/atk-1.0 -I/usr/include/cairo -I/usr/include/pango-1.0 -I/usr/include/pixman-1 -I/usr/include/freetype2 -I/usr/include/directfb -I/usr/include/libpng12 -I/usr/include/glib-2.0 -I/usr/lib/glib-2.0/include  '
GTK2_LIBS='-lgtk-x11-2.0 -lgdk-x11-2.0 -latk-1.0 -lpangoft2-1.0 -lgdk_pixbuf-2.0 -lm -lpangocairo-1.0 -lgio-2.0 -lcairo -lpango-1.0 -lfreetype -lfontconfig -lgobject-2.0 -lgmodule-2.0 -lglib-2.0  '
HAVE_ALSA_FALSE=''
HAVE_ALSA_TRUE='#'
HAVE_OSS_FALSE='#'
HAVE_OSS_TRUE=''
INSTALL_DATA='${INSTALL} -m 644'
INSTALL_PROGRAM='${INSTALL}'
INSTALL_SCRIPT='${INSTALL}'
INSTALL_STRIP_PROGRAM='$(install_sh) -c -s'
INTLLIBS=''
INTL_MACOSX_LIBS=''
LD='/usr/bin/ld -m elf_x86_64'
LDFLAGS=''
LIBICONV='-liconv'
LIBINTL=''
LIBOBJS=''
LIBS=''
LIBTOOL='$(SHELL) $(top_builddir)/libtool'
LIPO=''
LN_S='ln -s'
LTLIBICONV='-liconv'
LTLIBINTL=''
LTLIBOBJS=''
MAINT='#'
MAINTAINER_MODE_FALSE=''
MAINTAINER_MODE_TRUE='#'
MAKEINFO='${SHELL} /home/firnis/Desktop/pcsxr/missing --run makeinfo'
MKDIR_P='/bin/mkdir -p'
MSGFMT='/usr/bin/msgfmt'
MSGFMT_015='/usr/bin/msgfmt'
MSGMERGE='/usr/bin/msgmerge'
NASM=''
NM='/usr/bin/nm -B'
NMEDIT=''
OBJDUMP='objdump'
OBJEXT='o'
OTOOL64=''
OTOOL=''
PACKAGE='pcsx'
PACKAGE_BUGREPORT=''
PACKAGE_NAME='pcsx'
PACKAGE_STRING='pcsx 1.9'
PACKAGE_TARNAME='pcsx'
PACKAGE_VERSION='1.9'
PATH_SEPARATOR=':'
PEOPSXGL=''
PKG_CONFIG='/usr/bin/pkg-config'
POSUB='po'
RANLIB='ranlib'
SDL_CFLAGS='-I/usr/include/SDL -D_GNU_SOURCE=1 -D_REENTRANT'
SDL_CONFIG='/usr/bin/sdl-config'
SDL_LIBS='-L/usr/lib -lSDL'
SED='/bin/sed'
SET_MAKE=''
SHELL='/bin/bash'
STRIP='strip'
USE_NLS='yes'
VERSION='1.9'
X86_NASM_FALSE=''
X86_NASM_TRUE='#'
XGETTEXT='/usr/bin/xgettext'
XGETTEXT_015='/usr/bin/xgettext'
XGETTEXT_EXTRA_OPTIONS=''
ac_ct_CC='gcc'
ac_ct_DUMPBIN=''
am__fastdepCCAS_FALSE='#'
am__fastdepCCAS_TRUE=''
am__fastdepCC_FALSE='#'
am__fastdepCC_TRUE=''
am__include='include'
am__isrc=''
am__leading_dot='.'
am__quote=''
am__tar='${AMTAR} chof - "$$tardir"'
am__untar='${AMTAR} xf -'
bindir='${exec_prefix}/bin'
build='x86_64-unknown-linux-gnu'
build_alias=''
build_cpu='x86_64'
build_os='linux-gnu'
build_vendor='unknown'
datadir='${datarootdir}'
datarootdir='${prefix}/share'
docdir='${datarootdir}/doc/${PACKAGE_TARNAME}'
dvidir='${docdir}'
exec_prefix='${prefix}'
host='x86_64-unknown-linux-gnu'
host_alias=''
host_cpu='x86_64'
host_os='linux-gnu'
host_vendor='unknown'
htmldir='${docdir}'
includedir='${prefix}/include'
infodir='${datarootdir}/info'
install_sh='$(SHELL) /home/firnis/Desktop/pcsxr/install-sh'
libdir='${exec_prefix}/lib'
libexecdir='${exec_prefix}/libexec'
localedir='${datarootdir}/locale'
localstatedir='${prefix}/var'
lt_ECHO='echo'
mandir='${datarootdir}/man'
mkdir_p='/bin/mkdir -p'
oldincludedir='/usr/include'
pdfdir='${docdir}'
prefix='/usr/local'
program_transform_name='s,x,x,'
psdir='${docdir}'
sbindir='${exec_prefix}/sbin'
sharedstatedir='${prefix}/com'
sysconfdir='${prefix}/etc'
target='x86_64-unknown-linux-gnu'
target_alias=''
target_cpu='x86_64'
target_os='linux-gnu'
target_vendor='unknown'

## ----------- ##
## confdefs.h. ##
## ----------- ##

#define PACKAGE_NAME "pcsx"
#define PACKAGE_TARNAME "pcsx"
#define PACKAGE_VERSION "1.9"
#define PACKAGE_STRING "pcsx 1.9"
#define PACKAGE_BUGREPORT ""
#define PACKAGE "pcsx"
#define VERSION "1.9"
#define STDC_HEADERS 1
#define HAVE_SYS_TYPES_H 1
#define HAVE_SYS_STAT_H 1
#define HAVE_STDLIB_H 1
#define HAVE_STRING_H 1
#define HAVE_MEMORY_H 1
#define HAVE_STRINGS_H 1
#define HAVE_INTTYPES_H 1
#define HAVE_STDINT_H 1
#define HAVE_UNISTD_H 1
#define HAVE_DLFCN_H 1
#define LT_OBJDIR ".libs/"
#define STDC_HEADERS 1
#define ENABLE_NLS 1
#define HAVE_GETTEXT 1
#define HAVE_DCGETTEXT 1
#define GETTEXT_PACKAGE "pcsx"
#define __x86_64__ 1
#define __LINUX__ 1
#define MAXPATHLEN 4096

configure: exit 0
